[2023-05-30T17:22:55.699] [ERROR] api - one of metadataCids is null: dir:  del: . exiting.
[2023-06-05T12:22:32.056] [ERROR] api - Referendum is still ongoing: Error: Cannot convert 'Ongoing' via asApproved
[2023-06-05T12:22:56.542] [ERROR] api - Referendum is still ongoing: Error: Cannot convert 'Rejected' via asApproved
[2023-06-05T12:24:03.633] [ERROR] api - Referendum is still ongoing: Error: Cannot convert 'Rejected' via asApproved
[2023-06-05T12:25:37.251] [ERROR] api - Referendum is still ongoing: Error: Cannot convert 'Ongoing' via asApproved
[2023-06-05T12:30:32.257] [ERROR] api - Referendum is still ongoing: Error: Cannot convert 'Ongoing' via asApproved
[2023-06-05T12:31:16.038] [ERROR] api - Referendum is still ongoing: Error: Cannot convert 'Ongoing' via asApproved
[2023-06-05T12:32:05.112] [ERROR] api - Referendum is still ongoing: Error: Cannot convert 'Ongoing' via asApproved
[2023-06-05T12:33:26.759] [ERROR] api - Referendum is still ongoing: Error: Cannot convert 'Ongoing' via asApproved
[2023-06-05T12:35:18.222] [ERROR] api - Referendum is still ongoing: Error: Cannot convert 'Ongoing' via asApproved
[2023-06-05T12:35:58.285] [ERROR] api - Referendum is still ongoing: Error: Cannot convert 'Ongoing' via asApproved
[2023-06-05T12:37:20.638] [ERROR] api - Referendum is still ongoing: Error: Cannot convert 'Ongoing' via asApproved
[2023-06-05T12:40:11.616] [ERROR] api - Referendum is still ongoing: Error: Cannot convert 'Ongoing' via asApproved
[2023-06-05T12:40:11.617] [ERROR] api - Referendum is still ongoing: Error: Referendum is still ongoing: Error: Cannot convert 'Ongoing' via asApproved
[2023-06-05T12:40:31.155] [ERROR] api - Referendum is still ongoing: Error: Cannot convert 'Ongoing' via asApproved
[2023-06-05T12:40:31.155] [ERROR] api - Referendum is still ongoing: Error: Referendum is still ongoing: Error: Cannot convert 'Ongoing' via asApproved
[2023-06-05T12:40:34.398] [ERROR] api - Referendum is still ongoing: Error: Cannot convert 'Ongoing' via asApproved
[2023-06-05T12:40:34.399] [ERROR] api - Referendum is still ongoing: Error: Referendum is still ongoing: Error: Cannot convert 'Ongoing' via asApproved
[2023-06-05T12:40:34.917] [ERROR] api - Referendum is still ongoing: Error: Cannot convert 'Ongoing' via asApproved
[2023-06-05T12:40:34.917] [ERROR] api - Referendum is still ongoing: Error: Referendum is still ongoing: Error: Cannot convert 'Ongoing' via asApproved
[2023-06-05T12:40:35.375] [ERROR] api - Referendum is still ongoing: Error: Cannot convert 'Ongoing' via asApproved
[2023-06-05T12:40:35.375] [ERROR] api - Referendum is still ongoing: Error: Referendum is still ongoing: Error: Cannot convert 'Ongoing' via asApproved
[2023-06-05T12:40:35.637] [ERROR] api - Referendum is still ongoing: Error: Cannot convert 'Ongoing' via asApproved
[2023-06-05T12:40:35.638] [ERROR] api - Referendum is still ongoing: Error: Referendum is still ongoing: Error: Cannot convert 'Ongoing' via asApproved
[2023-06-05T12:40:35.932] [ERROR] api - Referendum is still ongoing: Error: Cannot convert 'Ongoing' via asApproved
[2023-06-05T12:40:35.936] [ERROR] api - Referendum is still ongoing: Error: Referendum is still ongoing: Error: Cannot convert 'Ongoing' via asApproved
[2023-06-05T12:40:36.106] [ERROR] api - Referendum is still ongoing: Error: Cannot convert 'Ongoing' via asApproved
[2023-06-05T12:40:36.106] [ERROR] api - Referendum is still ongoing: Error: Referendum is still ongoing: Error: Cannot convert 'Ongoing' via asApproved
[2023-06-05T12:40:36.358] [ERROR] api - Referendum is still ongoing: Error: Cannot convert 'Ongoing' via asApproved
[2023-06-05T12:40:36.358] [ERROR] api - Referendum is still ongoing: Error: Referendum is still ongoing: Error: Cannot convert 'Ongoing' via asApproved
[2023-06-05T12:40:36.533] [ERROR] api - Referendum is still ongoing: Error: Cannot convert 'Ongoing' via asApproved
[2023-06-05T12:40:36.533] [ERROR] api - Referendum is still ongoing: Error: Referendum is still ongoing: Error: Cannot convert 'Ongoing' via asApproved
[2023-06-05T12:40:37.277] [ERROR] api - Referendum is still ongoing: Error: Cannot convert 'Ongoing' via asApproved
[2023-06-05T12:40:37.277] [ERROR] api - Referendum is still ongoing: Error: Referendum is still ongoing: Error: Cannot convert 'Ongoing' via asApproved
[2023-06-05T12:40:56.926] [ERROR] api - Referendum is still ongoing: Error: Cannot convert 'Ongoing' via asApproved
[2023-06-05T12:40:56.926] [ERROR] api - Referendum is still ongoing: Error: Referendum is still ongoing: Error: Cannot convert 'Ongoing' via asApproved
[2023-06-05T12:40:59.647] [ERROR] api - Referendum is still ongoing: Error: Cannot convert 'Ongoing' via asApproved
[2023-06-05T12:40:59.648] [ERROR] api - Referendum is still ongoing: Error: Referendum is still ongoing: Error: Cannot convert 'Ongoing' via asApproved
[2023-06-05T12:41:00.250] [ERROR] api - Referendum is still ongoing: Error: Cannot convert 'Ongoing' via asApproved
[2023-06-05T12:41:00.252] [ERROR] api - Referendum is still ongoing: Error: Referendum is still ongoing: Error: Cannot convert 'Ongoing' via asApproved
[2023-06-05T12:41:01.287] [ERROR] api - Referendum is still ongoing: Error: Cannot convert 'Ongoing' via asApproved
[2023-06-05T12:41:01.288] [ERROR] api - Referendum is still ongoing: Error: Referendum is still ongoing: Error: Cannot convert 'Ongoing' via asApproved
[2023-06-05T12:41:56.953] [ERROR] api - Referendum is still ongoing: Error: Cannot convert 'Rejected' via asApproved
[2023-06-05T12:41:56.953] [ERROR] api - Referendum is still ongoing: Error: Referendum is still ongoing: Error: Cannot convert 'Rejected' via asApproved
[2023-06-05T12:42:02.302] [ERROR] api - Referendum is still ongoing: Error: Cannot convert 'Rejected' via asApproved
[2023-06-05T12:42:02.302] [ERROR] api - Referendum is still ongoing: Error: Referendum is still ongoing: Error: Cannot convert 'Rejected' via asApproved
[2023-06-05T12:42:02.868] [ERROR] api - Referendum is still ongoing: Error: Cannot convert 'Rejected' via asApproved
[2023-06-05T12:42:02.868] [ERROR] api - Referendum is still ongoing: Error: Referendum is still ongoing: Error: Cannot convert 'Rejected' via asApproved
[2023-06-05T12:42:03.449] [ERROR] api - Referendum is still ongoing: Error: Cannot convert 'Rejected' via asApproved
[2023-06-05T12:42:03.450] [ERROR] api - Referendum is still ongoing: Error: Referendum is still ongoing: Error: Cannot convert 'Rejected' via asApproved
[2023-06-05T12:42:03.963] [ERROR] api - Referendum is still ongoing: Error: Cannot convert 'Rejected' via asApproved
[2023-06-05T12:42:03.963] [ERROR] api - Referendum is still ongoing: Error: Referendum is still ongoing: Error: Cannot convert 'Rejected' via asApproved
[2023-06-05T12:42:04.503] [ERROR] api - Referendum is still ongoing: Error: Cannot convert 'Rejected' via asApproved
[2023-06-05T12:42:04.503] [ERROR] api - Referendum is still ongoing: Error: Referendum is still ongoing: Error: Cannot convert 'Rejected' via asApproved
[2023-06-05T12:42:53.472] [ERROR] api - Referendum is still ongoing: Error: Cannot convert 'Ongoing' via asApproved
[2023-06-05T12:42:53.472] [ERROR] api - Referendum is still ongoing: Error: Referendum is still ongoing: Error: Cannot convert 'Ongoing' via asApproved
[2023-06-05T12:43:34.879] [ERROR] api - Referendum is still ongoing: Error: Cannot convert 'Ongoing' via asApproved
[2023-06-05T12:43:34.879] [ERROR] api - Referendum is still ongoing: Error: Referendum is still ongoing: Error: Cannot convert 'Ongoing' via asApproved
[2023-06-05T12:43:47.091] [ERROR] api - Referendum is still ongoing: Error: Cannot convert 'Ongoing' via asApproved
[2023-06-05T12:43:47.091] [ERROR] api - Referendum is still ongoing: Error: Referendum is still ongoing: Error: Cannot convert 'Ongoing' via asApproved
[2023-06-05T12:45:54.387] [ERROR] api - Referendum is still ongoing: Error: Cannot convert 'Ongoing' via asApproved
[2023-06-05T12:45:54.387] [ERROR] api - Referendum is still ongoing: Error: Referendum is still ongoing: Error: Cannot convert 'Ongoing' via asApproved
[2023-06-05T12:48:37.898] [ERROR] api - Referendum is still ongoing: Error: Cannot convert 'Ongoing' via asApproved
[2023-06-05T12:48:37.898] [ERROR] api - Referendum is still ongoing: Error: Referendum is still ongoing: Error: Cannot convert 'Ongoing' via asApproved
[2023-06-05T12:49:08.182] [ERROR] api - Referendum is still ongoing: Error: Cannot convert 'Ongoing' via asApproved
[2023-06-05T12:49:08.183] [ERROR] api - Referendum is still ongoing: Error: Referendum is still ongoing: Error: Cannot convert 'Ongoing' via asApproved
[2023-06-05T12:51:20.856] [ERROR] api - Referendum is still ongoing: Error: Cannot convert 'Ongoing' via asApproved
[2023-06-05T12:51:20.856] [ERROR] api - Referendum is still ongoing: Error: Referendum is still ongoing: Error: Cannot convert 'Ongoing' via asApproved
[2023-06-05T12:53:15.526] [ERROR] api - Referendum is still ongoing: Error: Cannot convert 'Ongoing' via asApproved
[2023-06-05T12:53:15.526] [ERROR] api - Referendum is still ongoing: Error: Referendum is still ongoing: Error: Cannot convert 'Ongoing' via asApproved
[2023-06-20T18:07:21.161] [ERROR] api - Referendum is still ongoing: Error: Cannot convert 'Rejected' via asApproved
[2023-06-20T18:07:21.161] [ERROR] api - Referendum is still ongoing: Error: Referendum is still ongoing: Error: Cannot convert 'Rejected' via asApproved
[2023-06-20T18:12:16.954] [ERROR] api - Referendum is still ongoing: Error: Cannot convert 'Rejected' via asApproved
[2023-06-20T18:12:16.954] [ERROR] api - Referendum is still ongoing: Error: Referendum is still ongoing: Error: Cannot convert 'Rejected' via asApproved
[2023-06-20T18:15:46.037] [ERROR] api - Referendum is still ongoing: Error: Cannot convert 'Rejected' via asApproved
[2023-06-20T18:15:46.037] [ERROR] api - Referendum is still ongoing: Error: Referendum is still ongoing: Error: Cannot convert 'Rejected' via asApproved
[2023-06-20T18:15:55.816] [ERROR] api - Referendum is still ongoing: Error: Cannot convert 'Rejected' via asApproved
[2023-06-20T18:15:55.816] [ERROR] api - Referendum is still ongoing: Error: Referendum is still ongoing: Error: Cannot convert 'Rejected' via asApproved
[2023-06-20T18:17:58.920] [ERROR] api - Referendum is still ongoing: Error: Cannot convert 'Rejected' via asApproved
[2023-06-20T18:17:58.920] [ERROR] api - Referendum is still ongoing: Error: Referendum is still ongoing: Error: Cannot convert 'Rejected' via asApproved
[2023-06-20T18:19:49.287] [ERROR] api - Referendum is still ongoing: Error: Cannot convert 'Rejected' via asApproved
[2023-06-20T18:19:49.287] [ERROR] api - Referendum is still ongoing: Error: Referendum is still ongoing: Error: Cannot convert 'Rejected' via asApproved
[2023-06-20T18:21:28.663] [ERROR] api - Referendum is still ongoing: Error: Cannot convert 'Rejected' via asApproved
[2023-06-20T18:21:28.663] [ERROR] api - Referendum is still ongoing: Error: Referendum is still ongoing: Error: Cannot convert 'Rejected' via asApproved
[2023-06-20T18:24:49.044] [ERROR] api - Referendum is still ongoing: Error: Cannot convert 'Rejected' via asApproved
[2023-06-20T18:24:49.044] [ERROR] api - Referendum is still ongoing: Error: Referendum is still ongoing: Error: Cannot convert 'Rejected' via asApproved
[2023-06-20T18:25:31.360] [ERROR] api - Referendum is still ongoing: Error: Cannot convert 'Rejected' via asApproved
[2023-06-20T18:25:31.360] [ERROR] api - Referendum is still ongoing: Error: Referendum is still ongoing: Error: Cannot convert 'Rejected' via asApproved
[2023-06-20T18:25:42.949] [ERROR] api - Referendum is still ongoing: Error: Cannot convert 'Rejected' via asApproved
[2023-06-20T18:25:42.950] [ERROR] api - Referendum is still ongoing: Error: Referendum is still ongoing: Error: Cannot convert 'Rejected' via asApproved
[2023-06-20T18:26:48.779] [ERROR] api - Referendum is still ongoing: Error: Cannot convert 'Rejected' via asApproved
[2023-06-20T18:26:48.779] [ERROR] api - Referendum is still ongoing: Error: Referendum is still ongoing: Error: Cannot convert 'Rejected' via asApproved
[2023-06-20T18:27:13.214] [ERROR] api - Referendum is still ongoing: Error: Cannot convert 'Rejected' via asApproved
[2023-06-20T18:27:13.215] [ERROR] api - Referendum is still ongoing: Error: Referendum is still ongoing: Error: Cannot convert 'Rejected' via asApproved
